f:\cppcode\vs2015\projects\binject\binject\release\binject.pch
f:\cppcode\vs2015\projects\binject\binject\release\vc140.pdb
f:\cppcode\vs2015\projects\binject\binject\release\stdafx.obj
f:\cppcode\vs2015\projects\binject\binject\release\utils.obj
f:\cppcode\vs2015\projects\binject\binject\release\processlistdlg.obj
f:\cppcode\vs2015\projects\binject\binject\release\processfunc.obj
f:\cppcode\vs2015\projects\binject\binject\release\injectdlldlg.obj
f:\cppcode\vs2015\projects\binject\binject\release\injectcodedlg.obj
f:\cppcode\vs2015\projects\binject\binject\release\binjectdlg.obj
f:\cppcode\vs2015\projects\binject\binject\release\binject.obj
f:\cppcode\vs2015\projects\binject\release\binject.exe
f:\cppcode\vs2015\projects\binject\release\binject.pdb
f:\cppcode\vs2015\projects\binject\binject\release\binject.res
f:\cppcode\vs2015\projects\binject\binject\release\binject.tlog\cl.command.1.tlog
f:\cppcode\vs2015\projects\binject\binject\release\binject.tlog\cl.read.1.tlog
f:\cppcode\vs2015\projects\binject\binject\release\binject.tlog\cl.write.1.tlog
f:\cppcode\vs2015\projects\binject\binject\release\binject.tlog\link.command.1.tlog
f:\cppcode\vs2015\projects\binject\binject\release\binject.tlog\link.read.1.tlog
f:\cppcode\vs2015\projects\binject\binject\release\binject.tlog\link.write.1.tlog
f:\cppcode\vs2015\projects\binject\binject\release\binject.tlog\rc.command.1.tlog
f:\cppcode\vs2015\projects\binject\binject\release\binject.tlog\rc.read.1.tlog
f:\cppcode\vs2015\projects\binject\binject\release\binject.tlog\rc.write.1.tlog
